1631190064512	geckodriver	INFO	Listening on 127.0.0.1:50308
1631190067544	mozrunner::runner	INFO	Running command: "C:\\Program Files\\Mozilla Firefox\\firefox.exe" "--marionette" "-foreground" "-no-remote" "-profile" "C:\\Users\\behza\\AppData\\Local\\Temp\\rust_mozprofile0yc2EB"
1631190068314	Marionette	INFO	Marionette enabled
console.warn: SearchSettings: "get: No settings file exists, new profile?" (new NotFoundError("Could not open the file at C:\\Users\\behza\\AppData\\Local\\Temp\\rust_mozprofile0yc2EB\\search.json.mozlz4", (void 0)))
1631190073696	Marionette	INFO	Listening on port 50316
1631190073977	RemoteAgent	WARN	TLS certificate errors will be ignored for this session
JavaScript warning: https://d235vmrai5heq2.cloudfront.net/js/default/review.js?v=V3.1.70007, line 33: unreachable code after return statement
JavaScript warning: https://d235vmrai5heq2.cloudfront.net/js/default/paypal.js?v=V3.1.70007, line 488: unreachable code after return statement
JavaScript warning: https://d235vmrai5heq2.cloudfront.net/js/default/review.js?v=V3.1.70007, line 33: unreachable code after return statement
JavaScript warning: https://d235vmrai5heq2.cloudfront.net/js/default/paypal.js?v=V3.1.70007, line 488: unreachable code after return statement
console.log: WebExtensions: reset-default-search: starting.
console.log: WebExtensions: reset-default-search: No addons in our list are installed.
JavaScript error: , line 0: NS_ERROR_NOT_AVAILABLE
1631196894080	Marionette	INFO	Stopped listening on port 50316
JavaScript error: resource:///modules/Interactions.jsm, line 209: NS_ERROR_FAILURE: Component returned failure code: 0x80004005 (NS_ERROR_FAILURE) [nsIUserIdleService.removeIdleObserver]

###!!! [Child][MessageChannel] Error: (msgtype=0x390154,name=PContent::Msg_InsertNewFocusActionId) Closed channel: cannot send/recv


###!!! [Child][MessageChannel] Error: (msgtype=0x390154,name=PContent::Msg_InsertNewFocusActionId) Closed channel: cannot send/recv


###!!! [Child][MessageChannel] Error: (msgtype=0x390147,name=PContent::Msg_DiscardBrowsingContext) Closed channel: cannot send/recv

d235vmrai5heq2.cloudfront.net/js/default/paypal.js?v=V3.1.70007, line 488: unreachable code after return statement
JavaScript warning: https://d235vmrai5heq2.cloudfront.net/js/default/review.js?v=V3.1.70007, line 33: unreachable code after return statement
JavaScript warning: https://d235vmrai5heq2.cloudfront.net/js/default/paypal.js?v=V3.1.70007, line 488: unreachable code after return statement
1631190500635	Marionette	INFO	Stopped listening on port 57845
JavaScript error: resource:///modules/Interactions.jsm, line 209: NS_ERROR_FAILURE: Component returned failure code: 0x80004005 (NS_ERROR_FAILURE) [nsIUserIdleService.removeIdleObserver]
