1631621449355	geckodriver	INFO	Listening on 127.0.0.1:53346
1631621452397	mozrunner::runner	INFO	Running command: "C:\\Program Files\\Mozilla Firefox\\firefox.exe" "--marionette" "-foreground" "-no-remote" "-profile" "C:\\Users\\behza\\AppData\\Local\\Temp\\rust_mozprofileABPRBI"
1631621453407	Marionette	INFO	Marionette enabled
console.warn: SearchSettings: "get: No settings file exists, new profile?" (new NotFoundError("Could not open the file at C:\\Users\\behza\\AppData\\Local\\Temp\\rust_mozprofileABPRBI\\search.json.mozlz4", (void 0)))
1631621458306	Marionette	INFO	Listening on port 53354
1631621458785	RemoteAgent	WARN	TLS certificate errors will be ignored for this session
JavaScript warning: https://d235vmrai5heq2.cloudfront.net/js/default/review.js?v=V3.1.70007, line 33: unreachable code after return statement
JavaScript warning: https://d235vmrai5heq2.cloudfront.net/js/default/paypal.js?v=V3.1.70007, line 488: unreachable code after return statement
JavaScript warning: https://d235vmrai5heq2.cloudfront.net/js/default/review.js?v=V3.1.70007, line 33: unreachable code after return statement
JavaScript warning: https://d235vmrai5heq2.cloudfront.net/js/default/paypal.js?v=V3.1.70007, line 488: unreachable code after return statement
1631621466687	Marionette	INFO	Stopped listening on port 53354
JavaScript error: resource:///modules/Interactions.jsm, line 209: NS_ERROR_FAILURE: Component returned failure code: 0x80004005 (NS_ERROR_FAILURE) [nsIUserIdleService.removeIdleObserver]
1631621728044	geckodriver	INFO	Listening on 127.0.0.1:50890
1631621731102	mozrunner::runner	INFO	Running command: "C:\\Program Files\\Mozilla Firefox\\firefox.exe" "--marionette" "-foreground" "-no-remote" "-profile" "C:\\Users\\behza\\AppData\\Local\\Temp\\rust_mozprofileQMhQia"
1631621731798	Marionette	INFO	Marionette enabled
console.warn: SearchSettings: "get: No settings file exists, new profile?" (new NotFoundError("Could not open the file at C:\\Users\\behza\\AppData\\Local\\Temp\\rust_mozprofileQMhQia\\search.json.mozlz4", (void 0)))
1631621735838	Marionette	INFO	Listening on port 50898
1631621735964	RemoteAgent	WARN	TLS certificate errors will be ignored for this session
JavaScript warning: https://d235vmrai5heq2.cloudfront.net/js/default/review.js?v=V3.1.70007, line 33: unreachable code after return statement
JavaScript warning: https://d235vmrai5heq2.cloudfront.net/js/default/paypal.js?v=V3.1.70007, line 488: unreachable code after return statement
JavaScript warning: https://d235vmrai5heq2.cloudfront.net/js/default/review.js?v=V3.1.70007, line 33: unreachable code after return statement
JavaScript warning: https://d235vmrai5heq2.cloudfront.net/js/default/paypal.js?v=V3.1.70007, line 488: unreachable code after return statement
1631621742288	Marionette	INFO	Stopped listening on port 50898
JavaScript error: resource:///modules/Interactions.jsm, line 209: NS_ERROR_FAILURE: Component returned failure code: 0x80004005 (NS_ERROR_FAILURE) [nsIUserIdleService.removeIdleObserver]

###!!! [Parent][MessageChannel] Error: (msgtype=0x390076,name=PContent::Msg_DestroyBrowsingContextGroup) Closed channel: cannot send/recv

JavaScript error: resource://gre/modules/Sqlite.jsm, line 1030: Error: Sqlite.jsm has been shutdown. Cannot open connection to: C:\Users\behza\AppData\Local\Temp\rust_mozprofileQMhQia\protections.sqlite

###!!! [Child][RunMessage] Error: Channel closing: too late to send/recv, messages will be lost

1631621755515	geckodriver	INFO	Listening on 127.0.0.1:50986
1631621758554	mozrunner::runner	INFO	Running command: "C:\\Program Files\\Mozilla Firefox\\firefox.exe" "--marionette" "-foreground" "-no-remote" "-profile" "C:\\Users\\behza\\AppData\\Local\\Temp\\rust_mozprofilecJN4Mz"
1631621759320	Marionette	INFO	Marionette enabled
console.warn: SearchSettings: "get: No settings file exists, new profile?" (new NotFoundError("Could not open the file at C:\\Users\\behza\\AppData\\Local\\Temp\\rust_mozprofilecJN4Mz\\search.json.mozlz4", (void 0)))
1631621763789	Marionette	INFO	Listening on port 50994
1631621763954	RemoteAgent	WARN	TLS certificate errors will be ignored for this session
JavaScript warning: https://d235vmrai5heq2.cloudfront.net/js/default/review.js?v=V3.1.70007, line 33: unreachable code after return statement
JavaScript warning: https://d235vmrai5heq2.cloudfront.net/js/default/paypal.js?v=V3.1.70007, line 488: unreachable code after return statement
JavaScript warning: https://d235vmrai5heq2.cloudfront.net/js/default/review.js?v=V3.1.70007, line 33: unreachable code after return statement
JavaScript warning: https://d235vmrai5heq2.cloudfront.net/js/default/paypal.js?v=V3.1.70007, line 488: unreachable code after return statement
1631621770436	Marionette	INFO	Stopped listening on port 50994
JavaScript error: resource:///modules/Interactions.jsm, line 209: NS_ERROR_FAILURE: Component returned failure code: 0x80004005 (NS_ERROR_FAILURE) [nsIUserIdleService.removeIdleObserver]

###!!! [Parent][MessageChannel] Error: (msgtype=0x390076,name=PContent::Msg_DestroyBrowsingContextGroup) Closed channel: cannot send/recv

JavaScript error: resource://gre/modules/Sqlite.jsm, line 1030: Error: Sqlite.jsm has been shutdown. Cannot open connection to: C:\Users\behza\AppData\Local\Temp\rust_mozprofilecJN4Mz\protections.sqlite
1631621905803	geckodriver	INFO	Listening on 127.0.0.1:51086
1631621908872	mozrunner::runner	INFO	Running command: "C:\\Program Files\\Mozilla Firefox\\firefox.exe" "--marionette" "-foreground" "-no-remote" "-profile" "C:\\Users\\behza\\AppData\\Local\\Temp\\rust_mozprofile60sp9R"
1631621909561	Marionette	INFO	Marionette enabled
console.warn: SearchSettings: "get: No settings file exists, new profile?" (new NotFoundError("Could not open the file at C:\\Users\\behza\\AppData\\Local\\Temp\\rust_mozprofile60sp9R\\search.json.mozlz4", (void 0)))
1631621913451	Marionette	INFO	Listening on port 51094
1631621913741	RemoteAgent	WARN	TLS certificate errors will be ignored for this session
JavaScript warning: https://d235vmrai5heq2.cloudfront.net/js/default/review.js?v=V3.1.70007, line 33: unreachable code after return statement
JavaScript warning: https://d235vmrai5heq2.cloudfront.net/js/default/paypal.js?v=V3.1.70007, line 488: unreachable code after return statement
JavaScript warning: https://d235vmrai5heq2.cloudfront.net/js/default/review.js?v=V3.1.70007, line 33: unreachable code after return statement
JavaScript warning: https://d235vmrai5heq2.cloudfront.net/js/default/paypal.js?v=V3.1.70007, line 488: unreachable code after return statement
1631621916984	Marionette	INFO	Stopped listening on port 51094
JavaScript error: resource:///modules/Interactions.jsm, line 209: NS_ERROR_FAILURE: Component returned failure code: 0x80004005 (NS_ERROR_FAILURE) [nsIUserIdleService.removeIdleObserver]
JavaScript error: chrome://remote/content/marionette/cert.js, line 55: NS_ERROR_NOT_AVAILABLE: Component returned failure code: 0x80040111 (NS_ERROR_NOT_AVAILABLE) [nsICertOverrideService.setDisableAllSecurityChecksAndLetAttackersInterceptMyData]
JavaScript error: resource://gre/modules/AsyncShutdown.jsm, line 575: NotFoundError: No such JSWindowActor 'MarionetteEvents'
JavaScript error: resource://gre/modules/AsyncShutdown.jsm, line 575: NotFoundError: No such JSWindowActor 'MarionetteEvents'
JavaScript error: chrome://remote/content/marionette/driver.js, line 2245: NS_ERROR_ILLEGAL_VALUE: Component returned failure code: 0x80070057 (NS_ERROR_ILLEGAL_VALUE) [nsIObserverService.removeObserver]

###!!! [Child][RunMessage] Error: Channel closing: too late to send/recv, messages will be lost


###!!! [Child][RunMessage] Error: Channel closing: too late to send/recv, messages will be lost


###!!! [Child][MessageChannel] Error: (msgtype=0x590008,name=PHttpChannel::Msg_DeletingChannel) Channel closing: too late to send/recv, messages will be lost


###!!! [Child][RunMessage] Error: Channel closing: too late to send/recv, messages will be lost


###!!! [Child][RunMessage] Error: Channel closing: too late to send/recv, messages will be lost


###!!! [Child][RunMessage] Error: Channel closing: too late to send/recv, messages will be lost


###!!! [Child][RunMessage] Error: Channel closing: too late to send/recv, messages will be lost


###!!! [Child][RunMessage] Error: Channel closing: too late to send/recv, messages will be lost


###!!! [Child][RunMessage] Error: Channel closing: too late to send/recv, messages will be lost


###!!! [Child][RunMessage] Error: Channel closing: too late to send/recv, messages will be lost


###!!! [Child][RunMessage] Error: Channel closing: too late to send/recv, messages will be lost


###!!! [Child][RunMessage] Error: Channel closing: too late to send/recv, messages will be lost


###!!! [Child][RunMessage] Error: Channel closing: too late to send/recv, messages will be lost


###!!! [Child][RunMessage] Error: Channel closing: too late to send/recv, messages will be lost


###!!! [Child][MessageChannel] Error: (msgtype=0x390140,name=PContent::Msg_ScriptError) Channel closing: too late to send/recv, messages will be lost


###!!! [Child][MessageChannel] Error: (msgtype=0x690014,name=PNecko::Msg_PredLearn) Channel closing: too late to send/recv, messages will be lost


###!!! [Child][RunMessage] Error: Channel closing: too late to send/recv, messages will be lost


###!!! [Child][RunMessage] Error: Channel closing: too late to send/recv, messages will be lost


###!!! [Child][RunMessage] Error: Channel closing: too late to send/recv, messages will be lost


###!!! [Child][MessageChannel] Error: (msgtype=0x390140,name=PContent::Msg_ScriptError) Channel closing: too late to send/recv, messages will be lost


###!!! [Child][RunMessage] Error: Channel closing: too late to send/recv, messages will be lost


###!!! [Child][MessageChannel] Error: (msgtype=0x23002E,name=PBrowser::Msg___delete__) Channel closing: too late to send/recv, messages will be lost


###!!! [Parent][MessageChannel] Error: (msgtype=0x390076,name=PContent::Msg_DestroyBrowsingContextGroup) Closed channel: cannot send/recv

JavaScript error: resource://gre/modules/Sqlite.jsm, line 1030: Error: Sqlite.jsm has been shutdown. Cannot open connection to: C:\Users\behza\AppData\Local\Temp\rust_mozprofile60sp9R\protections.sqlite
1631625661150	geckodriver	INFO	Listening on 127.0.0.1:51219
1631625664213	mozrunner::runner	INFO	Running command: "C:\\Program Files\\Mozilla Firefox\\firefox.exe" "--marionette" "-foreground" "-no-remote" "-profile" "C:\\Users\\behza\\AppData\\Local\\Temp\\rust_mozprofilerhZ2CG"
1631625664945	Marionette	INFO	Marionette enabled
console.warn: SearchSettings: "get: No settings file exists, new profile?" (new NotFoundError("Could not open the file at C:\\Users\\behza\\AppData\\Local\\Temp\\rust_mozprofilerhZ2CG\\search.json.mozlz4", (void 0)))
1631625668963	Marionette	INFO	Listening on port 51227
1631625669089	RemoteAgent	WARN	TLS certificate errors will be ignored for this session
JavaScript warning: https://d235vmrai5heq2.cloudfront.net/js/default/review.js?v=V3.1.70007, line 33: unreachable code after return statement
JavaScript warning: https://d235vmrai5heq2.cloudfront.net/js/default/paypal.js?v=V3.1.70007, line 488: unreachable code after return statement
JavaScript warning: https://d235vmrai5heq2.cloudfront.net/js/default/review.js?v=V3.1.70007, line 33: unreachable code after return statement
JavaScript warning: https://d235vmrai5heq2.cloudfront.net/js/default/paypal.js?v=V3.1.70007, line 488: unreachable code after return statement
1631625721484	Marionette	INFO	Stopped listening on port 51227
JavaScript error: resource:///modules/Interactions.jsm, line 209: NS_ERROR_FAILURE: Component returned failure code: 0x80004005 (NS_ERROR_FAILURE) [nsIUserIdleService.removeIdleObserver]
JavaScript error: resource://gre/modules/CrashManager.jsm, line 829: AbortError: IOUtils: Shutting down and refusing additional I/O tasks
1631625724049	geckodriver	INFO	Listening on 127.0.0.1:51319
1631625727133	mozrunner::runner	INFO	Running command: "C:\\Program Files\\Mozilla Firefox\\firefox.exe" "--marionette" "-foreground" "-no-remote" "-profile" "C:\\Users\\behza\\AppData\\Local\\Temp\\rust_mozprofileNxVasz"
1631625727863	Marionette	INFO	Marionette enabled
console.warn: SearchSettings: "get: No settings file exists, new profile?" (new NotFoundError("Could not open the file at C:\\Users\\behza\\AppData\\Local\\Temp\\rust_mozprofileNxVasz\\search.json.mozlz4", (void 0)))
1631625731555	Marionette	INFO	Listening on port 51327
1631625732020	RemoteAgent	WARN	TLS certificate errors will be ignored for this session
JavaScript warning: https://d235vmrai5heq2.cloudfront.net/js/default/review.js?v=V3.1.70007, line 33: unreachable code after return statement
JavaScript warning: https://d235vmrai5heq2.cloudfront.net/js/default/paypal.js?v=V3.1.70007, line 488: unreachable code after return statement
JavaScript warning: https://d235vmrai5heq2.cloudfront.net/js/default/review.js?v=V3.1.70007, line 33: unreachable code after return statement
JavaScript warning: https://d235vmrai5heq2.cloudfront.net/js/default/paypal.js?v=V3.1.70007, line 488: unreachable code after return statement
1631625807247	Marionette	INFO	Stopped listening on port 51321631625809547	mozrunner::runner	INFO	Running command: "C:\\Program Files\\Mozilla Firefox\\firefox.exe" "--marionette" "-foreground" "-no-remote" "-profile" "C:\\Users\\behza\\AppData\\Local\\Temp\\rust_mozprofilebK1b3I"
1631625810249	Marionette	INFO	Marionette enabled
console.warn: SearchSettings: "get: No settings file exists, new profile?" (new NotFoundError("Could not open the file at C:\\Users\\behza\\AppData\\Local\\Temp\\rust_mozprofilebK1b3I\\search.json.mozlz4", (void 0)))
1631625814124	Marionette	INFO	Listening on port 51432
1631625814403	RemoteAgent	WARN	TLS certificate errors will be ignored for this session
JavaScript warning: https://d235vmrai5heq2.cloudfront.net/js/default/review.js?v=V3.1.70007, line 33: unreachable code after return statement
JavaScript warning: https://d235vmrai5heq2.cloudfront.net/js/default/paypal.js?v=V3.1.70007, line 488: unreachable code after return statement
JavaScript warning: https://d235vmrai5heq2.cloudfront.net/js/default/review.js?v=V3.1.70007, line 33: unreachable code after return statement
JavaScript warning: https://d235vmrai5heq2.cloudfront.net/js/default/paypal.js?v=V3.1.70007, line 488: unreachable code after return statement
1631625928832	Marionette	INFO	Stopped listening on port 51432
JavaScript error: resource:///modules/Interactions.jsm, line 209: NS_ERROR_FAILURE: Component returned failure code: 0x80004005 (NS_ERROR_FAILURE) [nsIUserIdleService.removeIdleObserver]
\Temp\\rust_mozprofileqnKvbO"
1631625886449	Marionette	INFO	Marionette enabled
console.warn: SearchSettings: "get: No settings file exists, new profile?" (new NotFoundError("Could not open the file at C:\\Users\\behza\\AppData\\Local\\Temp\\rust_mozprofileqnKvbO\\search.json.mozlz4", (void 0)))
1631625889896	Marionette	INFO	Listening on port 51534
1631625890029	RemoteAgent	WARN	TLS certificate errors will be ignored for this session
JavaScript warning: https://d235vmrai5heq2.cloudfront.net/js/default/review.js?v=V3.1.70007, line 33: unreachable code after return statement
JavaScript warning: https://d235vmrai5heq2.cloudfront.net/js/default/paypal.js?v=V3.1.70007, line 488: unreachable code after return statement
JavaScript warning: https://d235vmrai5heq2.cloudfront.net/js/default/review.js?v=V3.1.70007, line 33: unreachable code after return statement
JavaScript warning: https://d235vmrai5heq2.cloudfront.net/js/default/paypal.js?v=V3.1.70007, line 488: unreachable code after return statement
1631625927387	Marionette	INFO	Stopped listening on port 51534
JavaScript error: resource:///modules/Interactions.jsm, line 209: NS_ERROR_FAILURE: Component returned failure code: 0x80004005 (NS_ERROR_FAILURE) [nsIUserIdleService.removeIdleObserver]
1631692904173	geckodriver	INFO	Listening on 127.0.0.1:62340
1631692907250	mozrunner::runner	INFO	Running command: "C:\\Program Files\\Mozilla Firefox\\firefox.exe" "--marionette" "-foreground" "-no-remote" "-profile" "C:\\Users\\behza\\AppData\\Local\\Temp\\rust_mozprofilecQLhiv"
1631692908450	Marionette	INFO	Marionette enabled
console.warn: SearchSettings: "get: No settings file exists, new profile?" (new NotFoundError("Could not open the file at C:\\Users\\behza\\AppData\\Local\\Temp\\rust_mozprofilecQLhiv\\search.json.mozlz4", (void 0)))
1631692912701	Marionette	INFO	Listening on port 62348
1631692913144	RemoteAgent	WARN	TLS certificate errors will be ignored for this session
JavaScript warning: https://d235vmrai5heq2.cloudfront.net/js/default/review.js?v=V3.1.70008, line 33: unreachable code after return statement
JavaScript warning: https://d235vmrai5heq2.cloudfront.net/js/default/paypal.js?v=V3.1.70008, line 488: unreachable code after return statement
JavaScript warning: https://d235vmrai5heq2.cloudfront.net/js/default/review.js?v=V3.1.70008, line 33: unreachable code after return statement
JavaScript warning: https://d235vmrai5heq2.cloudfront.net/js/default/paypal.js?v=V3.1.70008, line 488: unreachable code after return statement
JavaScript warning: https://d235vmrai5heq2.cloudfront.net/js/default/review.js?v=V3.1.70008, line 33: unreachable code after return statement
JavaScript warning: https://d235vmrai5heq2.cloudfront.net/js/default/paypal.js?v=V3.1.70008, line 488: unreachable code after return statement
console.warn: LoginRecipes: "getRecipes: falling back to a synchronous message for:" "https://courses.letskodeit.com"
JavaScript error: resource://devtools/server/actors/network-monitor/network-event-actor.js, line 109: Error: Got a request https://maxcdn.bootstrapcdn.com/font-awesome/4.7.0/css/font-awesome.min.css without a browsingContextID set
JavaScript error: resource://devtools/server/actors/network-monitor/network-event-actor.js, line 109: Error: Got a request https://d235vmrai5heq2.cloudfront.net/fonts/fontawesome-free-5.11.1/css/all.min.css without a browsingContextID set
JavaScript error: resource://devtools/server/actors/network-monitor/network-event-actor.js, line 109: Error: Got a request https://d235vmrai5heq2.cloudfront.net/elements/bundles/Zenler/css/Zenler_skeleton.css?v=V3.1.70008 without a browsingContextID set
JavaScript error: resource://devtools/server/actors/network-monitor/network-event-actor.js, line 109: Error: Got a request https://d235vmrai5heq2.cloudfront.net/elements/bundles/Zenler/css/Zenler_blocks.css?v=V3.1.70008 without a browsingContextID set
JavaScript error: resource://devtools/server/actors/network-monitor/network-event-actor.js, line 109: Error: Got a request https://d235vmrai5heq2.cloudfront.net/css/community/icon.css without a browsingContextID set
JavaScript error: resource://devtools/server/actors/network-monitor/network-event-actor.js, line 109: Error: Got a request https://d235vmrai5heq2.cloudfront.net/elements/css/counteverest/counteverest.css without a browsingContextID set
JavaScript error: resource://devtools/server/actors/network-monitor/network-event-actor.js, line 109: Error: Got a request https://d235vmrai5heq2.cloudfront.net/css/manage-elements.css without a browsingContextID set
JavaScript error: resource://devtools/server/actors/network-monitor/network-event-actor.js, line 109: Error: Got a request https://d235vmrai5heq2.cloudfront.net/css/admin/lib/bootstrap-sweetalert/sweetalert.css without a browsingContextID set
JavaScript error: resource://devtools/server/actors/network-monitor/network-event-actor.js, line 109: Error: Got a request https://s3.amazonaws.com/contents.newzenler.com/3072/css/brand.css without a browsingContextID set
JavaScript error: resource://devtools/server/actors/network-monitor/network-event-actor.js, line 109: Error: Got a request https://fonts.googleapis.com/css?family=Catamaran without a browsingContextID set
1631692994083	Marionette	INFO	Stopped listening on port 62348
JavaScript error: resource:///modules/Interactions.jsm, line 209: NS_ERROR_FAILURE: Component returned failure code: 0x80004005 (NS_ERROR_FAILURE) [nsIUserIdleService.removeIdleObserver]
\Temp\\rust_mozprofilepb1ewn"
1631692994852	Marionette	INFO	Marionette enabled
console.warn: SearchSettings: "get: No settings file exists, new profile?" (new NotFoundError("Could not open the file at C:\\Users\\behza\\AppData\\Local\\Temp\\rust_mozprofilepb1ewn\\search.json.mozlz4", (void 0)))
1631692998254	Marionette	INFO	Listening on port 62459
1631692998687	RemoteAgent	WARN	TLS certificate errors will be ignored for this session
JavaScript warning: https://d235vmrai5heq2.cloudfront.net/js/default/review.js?v=V3.1.70008, line 33: unreachable code after return statement
JavaScript warning: https://d235vmrai5heq2.cloudfront.net/js/default/paypal.js?v=V3.1.70008, line 488: unreachable code after return statement
JavaScript warning: https://d235vmrai5heq2.cloudfront.net/js/default/review.js?v=V3.1.70008, line 33: unreachable code after return statement
JavaScript warning: https://d235vmrai5heq2.cloudfront.net/js/default/paypal.js?v=V3.1.70008, line 488: unreachable code after return statement
JavaScript warning: https://d235vmrai5heq2.cloudfront.net/js/default/review.js?v=V3.1.70008, line 33: unreachable code after return statement
JavaScript warning: https://d235vmrai5heq2.cloudfront.net/js/default/paypal.js?v=V3.1.70008, line 488: unreachable code after return statement
console.warn: LoginRecipes: "getRecipes: falling back to a synchronous message for:" "https://courses.letskodeit.com"
console.warn: LoginRecipes: "getRecipes: falling back to a synchronous message for:" "https://courses.letskodeit.com"
JavaScript error: resource://devtools/server/actors/network-monitor/network-event-actor.js, line 109: Error: Got a request https://maxcdn.bootstrapcdn.com/font-awesome/4.7.0/css/font-awesome.min.css without a browsingContextID set
JavaScript error: resource://devtools/server/actors/network-monitor/network-event-actor.js, line 109: Error: Got a request https://d235vmrai5heq2.cloudfront.net/fonts/fontawesome-free-5.11.1/css/all.min.css without a browsingContextID set
JavaScript error: resource://devtools/server/actors/network-monitor/network-event-actor.js, line 109: Error: Got a request https://d235vmrai5heq2.cloudfront.net/elements/bundles/Zenler/css/Zenler_skeleton.css?v=V3.1.70008 without a browsingContextID set
JavaScript error: resource://devtools/server/actors/network-monitor/network-event-actor.js, line 109: Error: Got a request https://d235vmrai5heq2.cloudfront.net/elements/bundles/Zenler/css/Zenler_blocks.css?v=V3.1.70008 without a browsingContextID set
JavaScript error: resource://devtools/server/actors/network-monitor/network-event-actor.js, line 109: Error: Got a request https://d235vmrai5heq2.cloudfront.net/css/community/icon.css without a browsingContextID set
JavaScript error: resource://devtools/server/actors/network-monitor/network-event-actor.js, line 109: Error: Got a request https://d235vmrai5heq2.cloudfront.net/elements/css/counteverest/counteverest.css without a browsingContextID set
JavaScript error: resource://devtools/server/actors/network-monitor/network-event-actor.js, line 109: Error: Got a request https://d235vmrai5heq2.cloudfront.net/css/manage-elements.css without a browsingContextID set
JavaScript error: resource://devtools/server/actors/network-monitor/network-event-actor.js, line 109: Error: Got a request https://d235vmrai5heq2.cloudfront.net/css/admin/lib/bootstrap-sweetalert/sweetalert.css without a browsingContextID set
JavaScript error: resource://devtools/server/actors/network-monitor/network-event-actor.js, line 109: Error: Got a request https://s3.amazonaws.com/contents.newzenler.com/3072/css/brand.css without a browsingContextID set
JavaScript error: resource://devtools/server/actors/network-monitor/network-event-actor.js, line 109: Error: Got a request https://fonts.googleapis.com/css?family=Catamaran without a browsingContextID set
JavaScript error: resource://devtools/server/actors/network-monitor/network-event-actor.js, line 109: Error: Got a request https://maxcdn.bootstrapcdn.com/font-awesome/4.7.0/css/font-awesome.min.css without a browsingContextID set
JavaScript error: resource://devtools/server/actors/network-monitor/network-event-actor.js, line 109: Error: Got a request https://d235vmrai5heq2.cloudfront.net/fonts/fontawesome-free-5.11.1/css/all.min.css without a browsingContextID set
JavaScript error: resource://devtools/server/actors/network-monitor/network-event-actor.js, line 109: Error: Got a request https://d235vmrai5heq2.cloudfront.net/elements/bundles/Zenler/css/Zenler_skeleton.css?v=V3.1.70008 without a browsingContextID set
JavaScript error: resource://devtools/server/actors/network-monitor/network-event-actor.js, line 109: Error: Got a request https://d235vmrai5heq2.cloudfront.net/elements/bundles/Zenler/css/Zenler_blocks.css?v=V3.1.70008 without a browsingContextID set
JavaScript error: resource://devtools/server/actors/network-monitor/network-event-actor.js, line 109: Error: Got a request https://d235vmrai5heq2.cloudfront.net/css/community/icon.css without a browsingContextID set
JavaScript error: resource://devtools/server/actors/network-monitor/network-event-actor.js, line 109: Error: Got a request https://d235vmrai5heq2.cloudfront.net/elements/css/counteverest/counteverest.css without a browsingContextID set
JavaScript error: resource://devtools/server/actors/network-monitor/network-event-actor.js, line 109: Error: Got a request https://d235vmrai5heq2.cloudfront.net/css/manage-elements.css without a browsingContextID set
JavaScript error: resource://devtools/server/actors/network-monitor/network-event-actor.js, line 109: Error: Got a request https://d235vmrai5heq2.cloudfront.net/css/admin/lib/bootstrap-sweetalert/sweetalert.css without a browsingContextID set
JavaScript error: resource://devtools/server/actors/network-monitor/network-event-actor.js, line 109: Error: Got a request https://s3.amazonaws.com/contents.newzenler.com/3072/css/brand.css without a browsingContextID set
JavaScript error: resource://devtools/server/actors/network-monitor/network-event-actor.js, line 109: Error: Got a request https://fonts.googleapis.com/css?family=Catamaran without a browsingContextID set
JavaScript warning: https://d235vmrai5heq2.cloudfront.net/js/default/review.js?v=V3.1.70008, line 33: unreachable code after return statement
JavaScript warning: https://d235vmrai5heq2.cloudfront.net/js/default/paypal.js?v=V3.1.70008, line 488: unreachable code after return statement
console.warn: LoginRecipes: "getRecipes: falling back to a synchronous message for:" "https://courses.letskodeit.com"
JavaScript error: resource://devtools/server/actors/network-monitor/network-event-actor.js, line 109: Error: Got a request https://maxcdn.bootstrapcdn.com/font-awesome/4.7.0/css/font-awesome.min.css without a browsingContextID set
JavaScript error: resource://devtools/server/actors/network-monitor/network-event-actor.js, line 109: Error: Got a request https://d235vmrai5heq2.cloudfront.net/fonts/fontawesome-free-5.11.1/css/all.min.css without a browsingContextID set
JavaScript error: resource://devtools/server/actors/network-monitor/network-event-actor.js, line 109: Error: Got a request https://d235vmrai5heq2.cloudfront.net/elements/bundles/Zenler/css/Zenler_skeleton.css?v=V3.1.70008 without a browsingContextID set
JavaScript error: resource://devtools/server/actors/network-monitor/network-event-actor.js, line 109: Error: Got a request https://d235vmrai5heq2.cloudfront.net/elements/bundles/Zenler/css/Zenler_blocks.css?v=V3.1.70008 without a browsingContextID set
JavaScript error: resource://devtools/server/actors/network-monitor/network-event-actor.js, line 109: Error: Got a request https://d235vmrai5heq2.cloudfront.net/css/community/icon.css without a browsingContextID set
JavaScript error: resource://devtools/server/actors/network-monitor/network-event-actor.js, line 109: Error: Got a request https://d235vmrai5heq2.cloudfront.net/elements/css/counteverest/counteverest.css without a browsingContextID set
JavaScript error: resource://devtools/server/actors/network-monitor/network-event-actor.js, line 109: Error: Got a request https://d235vmrai5heq2.cloudfront.net/css/manage-elements.css without a browsingContextID set
JavaScript error: resource://devtools/server/actors/network-monitor/network-event-actor.js, line 109: Error: Got a request https://d235vmrai5heq2.cloudfront.net/css/admin/lib/bootstrap-sweetalert/sweetalert.css without a browsingContextID set
JavaScript error: resource://devtools/server/actors/network-monitor/network-event-actor.js, line 109: Error: Got a request https://s3.amazonaws.com/contents.newzenler.com/3072/css/brand.css without a browsingContextID set
JavaScript error: resource://devtools/server/actors/network-monitor/network-event-actor.js, line 109: Error: Got a request https://fonts.googleapis.com/css?family=Catamaran without a browsingContextID set
1631693093930	Marionette	INFO	Stopped listening on port 62459
JavaScript error: resource:///modules/Interactions.jsm, line 209: NS_ERROR_FAILURE: Component returned failure code: 0x80004005 (NS_ERROR_FAILURE) [nsIUserIdleService.removeIdleObserver]
1631693096046	geckodriver	INFO	Listening on 127.0.0.1:59155
1631693099110	mozrunner::runner	INFO	Running command: "C:\\Program Files\\Mozilla Firefox\\firefox.exe" "--marionette" "-foreground" "-no-remote" "-profile" "C:\\Users\\behza\\AppData\\Local\\Temp\\rust_mozprofilesnfpOb"
1631693099829	Marionette	INFO	Marionette enabled
console.warn: SearchSettings: "get: No settings file exists, new profile?" (new NotFoundError("Could not open the file at C:\\Users\\behza\\AppData\\Local\\Temp\\rust_mozprofilesnfpOb\\search.json.mozlz4", (void 0)))
1631693103729	Marionette	INFO	Listening on port 59163
1631693103968	RemoteAgent	WARN	TLS certificate errors will be ignored for this session
JavaScript warning: https://d235vmrai5heq2.cloudfront.net/js/default/review.js?v=V3.1.70008, line 33: unreachable code after return statement
JavaScript warning: https://d235vmrai5heq2.cloudfront.net/js/default/paypal.js?v=V3.1.70008, line 488: unreachable code after return statement
JavaScript warning: https://d235vmrai5heq2.cloudfront.net/js/default/review.js?v=V3.1.70008, line 33: unreachable code after return statement
JavaScript warning: https://d235vmrai5heq2.cloudfront.net/js/default/paypal.js?v=V3.1.70008, line 488: unreachable code after return statement
JavaScript warning: https://d235vmrai5heq2.cloudfront.net/js/default/review.js?v=V3.1.70008, line 33: unreachable code after return statement
JavaScript warning: https://d235vmrai5heq2.cloudfront.net/js/default/paypal.js?v=V3.1.70008, line 488: unreachable code after return statement
console.error: services.settings: 
DOMException
  - prototype DOMException
    - ABORT_ERR = 20
    - DATA_CLONE_ERR = 25
    - DOMSTRING_SIZE_ERR = 2
    - HIERARCHY_REQUEST_ERR = 3
    - INDEX_SIZE_ERR = 1
    - INUSE_ATTRIBUTE_ERR = 10
    - INVALID_ACCESS_ERR = 15
    - INVALID_CHARACTER_ERR = 5
    - INVALID_MODIFICATION_ERR = 13
    - INVALID_NODE_TYPE_ERR = 24
    - INVALID_STATE_ERR = 11
    - NAMESPACE_ERR = 14
    - NETWORK_ERR = 19
    - NOT_FOUND_ERR = 8
    - NOT_SUPPORTED_ERR = 9
    - NO_DATA_ALLOWED_ERR = 6
    - NO_MODIFICATION_ALLOWED_ERR = 7
    - QUOTA_EXCEEDED_ERR = 22
    - SECURITY_ERR = 18
    - SYNTAX_ERR = 12
    - TIMEOUT_ERR = 23
    - TYPE_MISMATCH_ERR = 17
    - URL_MISMATCH_ERR = 21
    - VALIDATION_ERR = 16
    - WRONG_DOCUMENT_ERR = 4
    - code = 20
    - columnNumber = 0
    - data = null
    - filename = 
    - lineNumber = 0
    - location = null
    - message = The operation was aborted. 
    - name = AbortError
    - result = 2152923156
    - stack = 
  - prototype Error
  - prototype Object
console.log: WebExtensions: reset-default-search: starting.
console.log: WebExtensions: reset-default-search: No addons in our list are installed.
JavaScript error: , line 0: NS_ERROR_NOT_AVAILABLE
1631693884353	Marionette	INFO	Stopped listening on port 59163
JavaScript error: resource:///modules/Interactions.jsm, line 209: NS_ERROR_FAILURE: Component returned failure code: 0x80004005 (NS_ERROR_FAILURE) [nsIUserIdleService.removeIdleObserver]
urn statement
1631693239226	Marionette	INFO	Stopped listening on port 55466
JavaScript error: resource:///modules/Interactions.jsm, line 209: NS_ERROR_FAILURE: Component returned failure code: 0x80004005 (NS_ERROR_FAILURE) [nsIUserIdleService.removeIdleObserver]
1631693454143	geckodriver	INFO	Listening on 127.0.0.1:65248
1631693457215	mozrunner::runner	INFO	Running command: "C:\\Program Files\\Mozilla Firefox\\firefox.exe" "--marionette" "-foreground" "-no-remote" "-profile" "C:\\Users\\behza\\AppData\\Local\\Temp\\rust_mozprofileWAyrGz"
1631693457883	Marionette	INFO	Marionette enabled
console.warn: SearchSettings: "get: No settings file exists, new profile?" (new NotFoundError("Could not open the file at C:\\Users\\behza\\AppData\\Local\\Temp\\rust_mozprofileWAyrGz\\search.json.mozlz4", (void 0)))
1631693461917	Marionette	INFO	Listening on port 65256
1631693462104	RemoteAgent	WARN	TLS certificate errors will be ignored for this session
JavaScript warning: https://d235vmrai5heq2.cloudfront.net/js/default/review.js?v=V3.1.70008, line 33: unreachable code after return statement
JavaScript warning: https://d235vmrai5heq2.cloudfront.net/js/default/paypal.js?v=V3.1.70008, line 488: unreachable code after return statement
JavaScript warning: https://d235vmrai5heq2.cloudfront.net/js/default/review.js?v=V3.1.70008, line 33: unreachable code after return statement
JavaScript warning: https://d235vmrai5heq2.cloudfront.net/js/default/paypal.js?v=V3.1.70008, line 488: unreachable code after return statement
1631693488994	Marionette	INFO	Stopped listening on port 65256
JavaScript error: resource:///modules/Interactions.jsm, line 209: NS_ERROR_FAILURE: Component returned failure code: 0x80004005 (NS_ERROR_FAILURE) [nsIUserIdleService.removeIdleObserver]
1631693877763	geckodriver	INFO	Listening on 127.0.0.1:65054
1631693880800	mozrunner::runner	INFO	Running command: "C:\\Program Files\\Mozilla Firefox\\firefox.exe" "--marionette" "-foreground" "-no-remote" "-profile" "C:\\Users\\behza\\AppData\\Local\\Temp\\rust_mozprofileBY0hCX"
1631693881512	Marionette	INFO	Marionette enabled
console.warn: SearchSettings: "get: No settings file exists, new profile?" (new NotFoundError("Could not open the file at C:\\Users\\behza\\AppData\\Local\\Temp\\rust_mozprofileBY0hCX\\search.json.mozlz4", (void 0)))
1631693886524	Marionette	INFO	Listening on port 50630
1631693886682	RemoteAgent	WARN	TLS certificate errors will be ignored for this session
JavaScript warning: https://d235vmrai5heq2.cloudfront.net/js/default/review.js?v=V3.1.70008, line 33: unreachable code after return statement
JavaScript warning: https://d235vmrai5heq2.cloudfront.net/js/default/paypal.js?v=V3.1.70008, line 488: unreachable code after return statement
JavaScript warning: https://d235vmrai5heq2.cloudfront.net/js/default/review.js?v=V3.1.70008, line 33: unreachable code after return statement
JavaScript warning: https://d235vmrai5heq2.cloudfront.net/js/default/paypal.js?v=V3.1.70008, line 488: unreachable code after return statement
console.log: WebExtensions: reset-default-search: starting.
console.log: WebExtensions: reset-default-search: No addons in our list are installed.
JavaScript error: , line 0: NS_ERROR_NOT_AVAILABLE
ote" "-profile" "C:\\Users\\behza\\AppData\\Local\\Temp\\rust_mozprofileOfMEjS"
1631694008005	Marionette	INFO	Marionette enabled
console.warn: SearchSettings: "get: No settings file exists, new profile?" (new NotFoundError("Could not open the file at C:\\Users\\behza\\AppData\\Local\\Temp\\rust_mozprofileOfMEjS\\search.json.mozlz4", (void 0)))
1631694012004	Marionette	INFO	Listening on port 49640
1631694012191	RemoteAgent	WARN	TLS certificate errors will be ignored for this session
JavaScript warning: https://d235vmrai5heq2.cloudfront.net/js/default/review.js?v=V3.1.70008, line 33: unreachable code after return statement
JavaScript warning: https://d235vmrai5heq2.cloudfront.net/js/default/paypal.js?v=V3.1.70008, line 488: unreachable code after return statement
JavaScript warning: https://d235vmrai5heq2.cloudfront.net/js/default/review.js?v=V3.1.70008, line 33: unreachable code after return statement
JavaScript warning: https://d235vmrai5heq2.cloudfront.net/js/default/paypal.js?v=V3.1.70008, line 488: unreachable code after return statement
1631694070901	Marionette	INFO	Stopped listening on port 49641631694072699	mozrunner::runner	INFO	Running command: "C:\\Program Files\\Mozilla Firefox\\firefox.exe" "--marionette" "-foreground" "-no-remote" "-profile" "C:\\Users\\behza\\AppData\\Local\\Temp\\rust_mozprofiletfpFZD"
1631694073417	Marionette	INFO	Marionette enabled
console.warn: SearchSettings: "get: No settings file exists, new profile?" (new NotFoundError("Could not open the file at C:\\Users\\behza\\AppData\\Local\\Temp\\rust_mozprofiletfpFZD\\search.json.mozlz4", (void 0)))
1631694077403	Marionette	INFO	Listening on port 61012
1631694077581	RemoteAgent	WARN	TLS certificate errors will be ignored for this session
JavaScript warning: https://d235vmrai5heq2.cloudfront.net/js/default/review.js?v=V3.1.70008, line 33: unreachable code after return statement
JavaScript warning: https://d235vmrai5heq2.cloudfront.net/js/default/paypal.js?v=V3.1.70008, line 488: unreachable code after return statement
JavaScript warning: https://d235vmrai5heq2.cloudfront.net/js/default/review.js?v=V3.1.70008, line 33: unreachable code after return statement
JavaScript warning: https://d235vmrai5heq2.cloudfront.net/js/default/paypal.js?v=V3.1.70008, line 488: unreachable code after return statement
1631694089559	Marionette	INFO	Stopped listening on port 61012
JavaScript error: resource:///modules/Interactions.jsm, line 209: NS_ERROR_FAILURE: Component returned failure code: 0x80004005 (NS_ERROR_FAILURE) [nsIUserIdleService.removeIdleObserver]
1631694178484	geckodriver	INFO	Listening on 127.0.0.1:56071
1631694181543	mozrunner::runner	INFO	Running command: "C:\\Program Files\\Mozilla Firefox\\firefox.exe" "--marionette" "-foreground" "-no-remote" "-profile" "C:\\Users\\behza\\AppData\\Local\\Temp\\rust_mozprofileFuoJx9"
1631694182347	Marionette	INFO	Marionette enabled
console.warn: SearchSettings: "get: No settings file exists, new profile?" (new NotFoundError("Could not open the file at C:\\Users\\behza\\AppData\\Local\\Temp\\rust_mozprofileFuoJx9\\search.json.mozlz4", (void 0)))
1631694186296	Marionette	INFO	Listening on port 60442
1631694186456	RemoteAgent	WARN	TLS certificate errors will be ignored for this session
JavaScript warning: https://d235vmrai5heq2.cloudfront.net/js/default/review.js?v=V3.1.70008, line 33: unreachable code after return statement
JavaScript warning: https://d235vmrai5heq2.cloudfront.net/js/default/paypal.js?v=V3.1.70008, line 488: unreachable code after return statement
JavaScript warning: https://d235vmrai5heq2.cloudfront.net/js/default/review.js?v=V3.1.70008, line 33: unreachable code after return statement
JavaScript warning: https://d235vmrai5heq2.cloudfront.net/js/default/paypal.js?v=V3.1.70008, line 488: unreachable code after return statement
1631694204626	Marionette	INFO	Stopped listening on port 60442
JavaScript error: resource:///modules/Interactions.jsm, line 209: NS_ERROR_FAILURE: Component returned failure code: 0x80004005 (NS_ERROR_FAILURE) [nsIUserIdleService.removeIdleObserver]
1631694432435	geckodriver	INFO	Listening on 127.0.0.1:65230
1631694435498	mozrunner::runner	INFO	Running command: "C:\\Program Files\\Mozilla Firefox\\firefox.exe" "--marionette" "-foreground" "-no-remote" "-profile" "C:\\Users\\behza\\AppData\\Local\\Temp\\rust_mozprofileFYGAMt"
1631694436273	Marionette	INFO	Marionette enabled
console.warn: SearchSettings: "get: No settings file exists, new profile?" (new NotFoundError("Could not open the file at C:\\Users\\behza\\AppData\\Local\\Temp\\rust_mozprofileFYGAMt\\search.json.mozlz4", (void 0)))
1631694440192	Marionette	INFO	Listening on port 60686
1631694440398	RemoteAgent	WARN	TLS certificate errors will be ignored for this session
JavaScript warning: https://d235vmrai5heq2.cloudfront.net/js/default/review.js?v=V3.1.70008, line 33: unreachable code after return statement
JavaScript warning: https://d235vmrai5heq2.cloudfront.net/js/default/paypal.js?v=V3.1.70008, line 488: unreachable code after return statement
JavaScript warning: https://d235vmrai5heq2.cloudfront.net/js/default/review.js?v=V3.1.70008, line 33: unreachable code after return statement
JavaScript warning: https://d235vmrai5heq2.cloudfront.net/js/default/paypal.js?v=V3.1.70008, line 488: unreachable code after return statement
1631694447041	Marionette	WARN	TimedPromise timed out after 500 ms: stacktrace:
TimedPromise/<@chrome://remote/content/marionette/sync.js:238:19
TimedPromise@chrome://remote/content/marionette/sync.js:223:10
interaction.flushEventLoop@chrome://remote/content/marionette/interaction.js:431:10
webdriverClickElement@chrome://remote/content/marionette/interaction.js:179:31
1631694451318	Marionette	WARN	TimedPromise timed out after 500 ms: stacktrace:
TimedPromise/<@chrome://remote/content/marionette/sync.js:238:19
TimedPromise@chrome://remote/content/marionette/sync.js:223:10
interaction.flushEventLoop@chrome://remote/content/marionette/interaction.js:431:10
webdriverClickElement@chrome://remote/content/marionette/interaction.js:179:31
JavaScript error: , line 0: NotFoundError: No such JSWindowActor 'MarionetteCommands'
1631694484365	Marionette	INFO	Stopped listening on port 60686
JavaScript error: resource:///modules/Interactions.jsm, line 209: NS_ERROR_FAILURE: Component returned failure code: 0x80004005 (NS_ERROR_FAILURE) [nsIUserIdleService.removeIdleObserver]
1631695117877	geckodriver	INFO	Listening on 127.0.0.1:50914
1631695120968	mozrunner::runner	INFO	Running command: "C:\\Program Files\\Mozilla Firefox\\firefox.exe" "--marionette" "-foreground" "-no-remote" "-profile" "C:\\Users\\behza\\AppData\\Local\\Temp\\rust_mozprofilekx8XfG"
1631695121738	Marionette	INFO	Marionette enabled
console.warn: SearchSettings: "get: No settings file exists, new profile?" (new NotFoundError("Could not open the file at C:\\Users\\behza\\AppData\\Local\\Temp\\rust_mozprofilekx8XfG\\search.json.mozlz4", (void 0)))
1631695125772	Marionette	INFO	Listening on port 55381
1631695125864	RemoteAgent	WARN	TLS certificate errors will be ignored for this session
JavaScript warning: https://d235vmrai5heq2.cloudfront.net/js/default/review.js?v=V3.1.70008, line 33: unreachable code after return statement
JavaScript warning: https://d235vmrai5heq2.cloudfront.net/js/default/paypal.js?v=V3.1.70008, line 488: unreachable code after return statement
JavaScript warning: https://d235vmrai5heq2.cloudfront.net/js/default/review.js?v=V3.1.70008, line 33: unreachable code after return statement
JavaScript warning: https://d235vmrai5heq2.cloudfront.net/js/default/paypal.js?v=V3.1.70008, line 488: unreachable code after return statement
JavaScript warning: https://d235vmrai5heq2.cloudfront.net/js/default/review.js?v=V3.1.70008, line 33: unreachable code after return statement
JavaScript warning: https://d235vmrai5heq2.cloudfront.net/js/default/paypal.js?v=V3.1.70008, line 488: unreachable code after return statement
1631695142527	Marionette	INFO	Stopped listening on port 55381
JavaScript error: resource:///modules/Interactions.jsm, line 209: NS_ERROR_FAILURE: Component returned failure code: 0x80004005 (NS_ERROR_FAILURE) [nsIUserIdleService.removeIdleObserver]
1631695232286	geckodriver	INFO	Listening on 127.0.0.1:59717
1631695235343	mozrunner::runner	INFO	Running command: "C:\\Program Files\\Mozilla Firefox\\firefox.exe" "--marionette" "-foreground" "-no-remote" "-profile" "C:\\Users\\behza\\AppData\\Local\\Temp\\rust_mozprofilejRu6fX"
1631695235998	Marionette	INFO	Marionette enabled
console.warn: SearchSettings: "get: No settings file exists, new profile?" (new NotFoundError("Could not open the file at C:\\Users\\behza\\AppData\\Local\\Temp\\rust_mozprofilejRu6fX\\search.json.mozlz4", (void 0)))
1631695239934	Marionette	INFO	Listening on port 59555
1631695240211	RemoteAgent	WARN	TLS certificate errors will be ignored for this session
JavaScript warning: https://d235vmrai5heq2.cloudfront.net/js/default/review.js?v=V3.1.70008, line 33: unreachable code after return statement
JavaScript warning: https://d235vmrai5heq2.cloudfront.net/js/default/paypal.js?v=V3.1.70008, line 488: unreachable code after return statement
JavaScript warning: https://d235vmrai5heq2.cloudfront.net/js/default/review.js?v=V3.1.70008, line 33: unreachable code after return statement
JavaScript warning: https://d235vmrai5heq2.cloudfront.net/js/default/paypal.js?v=V3.1.70008, line 488: unreachable code after return statement
JavaScript warning: https://d235vmrai5heq2.cloudfront.net/js/default/review.js?v=V3.1.70008, line 33: unreachable code after return statement
JavaScript warning: https://d235vmrai5heq2.cloudfront.net/js/default/paypal.js?v=V3.1.70008, line 488: unreachable code after return statement
1631695253413	Marionette	INFO	Stopped listening on port 59555
JavaScript error: resource:///modules/Interactions.jsm, line 209: NS_ERROR_FAILURE: Component returned failure code: 0x80004005 (NS_ERROR_FAILURE) [nsIUserIdleService.removeIdleObserver]

###!!! [Parent][MessageChannel] Error: (msgtype=0x390076,name=PContent::Msg_DestroyBrowsingContextGroup) Closed channel: cannot send/recv


###!!! [Child][MessageChannel] Error: (msgtype=0x23002E,name=PBrowser::Msg___delete__) Channel closing: too late to send/recv, messages will be lost

1631697038637	geckodriver	INFO	Listening on 127.0.0.1:57034
1631697041683	mozrunner::runner	INFO	Running command: "C:\\Program Files\\Mozilla Firefox\\firefox.exe" "--marionette" "-foreground" "-no-remote" "-profile" "C:\\Users\\behza\\AppData\\Local\\Temp\\rust_mozprofilea87lDu"
1631697042356	Marionette	INFO	Marionette enabled
console.warn: SearchSettings: "get: No settings file exists, new profile?" (new NotFoundError("Could not open the file at C:\\Users\\behza\\AppData\\Local\\Temp\\rust_mozprofilea87lDu\\search.json.mozlz4", (void 0)))
1631697046124	Marionette	INFO	Listening on port 50147
1631697046566	RemoteAgent	WARN	TLS certificate errors will be ignored for this session
1631697056459	Marionette	INFO	Stopped listening on port 50147
JavaScript error: resource:///modules/Interactions.jsm, line 209: NS_ERROR_FAILURE: Component returned failure code: 0x80004005 (NS_ERROR_FAILURE) [nsIUserIdleService.removeIdleObserver]
1631697071365	geckodriver	INFO	Listening on 127.0.0.1:64819
1631697074413	mozrunner::runner	INFO	Running command: "C:\\Program Files\\Mozilla Firefox\\firefox.exe" "--marionette" "-foreground" "-no-remote" "-profile" "C:\\Users\\behza\\AppData\\Local\\Temp\\rust_mozprofileZOA94r"
1631697075182	Marionette	INFO	Marionette enabled
console.warn: SearchSettings: "get: No settings file exists, new profile?" (new NotFoundError("Could not open the file at C:\\Users\\behza\\AppData\\Local\\Temp\\rust_mozprofileZOA94r\\search.json.mozlz4", (void 0)))
1631697079457	Marionette	INFO	Listening on port 50993
1631697079807	RemoteAgent	WARN	TLS certificate errors will be ignored for this session
1631697127343	Marionette	INFO	Stopped listening on port 50993
JavaScript error: resource:///modules/Interactions.jsm, line 209: NS_ERROR_FAILURE: Component returned failure code: 0x80004005 (NS_ERROR_FAILURE) [nsIUserIdleService.removeIdleObserver]
1631697603829	geckodriver	INFO	Listening on 127.0.0.1:58735
1631697606884	mozrunner::runner	INFO	Running command: "C:\\Program Files\\Mozilla Firefox\\firefox.exe" "--marionette" "-foreground" "-no-remote" "-profile" "C:\\Users\\behza\\AppData\\Local\\Temp\\rust_mozprofilel2GgRS"
1631697607619	Marionette	INFO	Marionette enabled
console.warn: SearchSettings: "get: No settings file exists, new profile?" (new NotFoundError("Could not open the file at C:\\Users\\behza\\AppData\\Local\\Temp\\rust_mozprofilel2GgRS\\search.json.mozlz4", (void 0)))
1631697611210	Marionette	INFO	Listening on port 58743
1631697611732	RemoteAgent	WARN	TLS certificate errors will be ignored for this session
JavaScript error: resource://devtools/server/actors/network-monitor/network-event-actor.js, line 109: Error: Got a request https://cdn.jsdelivr.net/npm/docsearch.js@2/dist/cdn/docsearch.min.css without a browsingContextID set
1631697691669	Marionette	INFO	Stopped listening on port 58743
JavaScript error: resource:///modules/Interactions.jsm, line 209: NS_ERROR_FAILURE: Component returned failure code: 0x80004005 (NS_ERROR_FAILURE) [nsIUserIdleService.removeIdleObserver]
